
running 3 tests
test tests::database_test::tests::insert_many_greater_than ... FAILED
test tests::database_test::tests::insert_many_less_than ... ok
test tests::database_test::tests::insert_many_fetch_one ... FAILED

failures:

failures:
    tests::database_test::tests::insert_many_fetch_one
    tests::database_test::tests::insert_many_greater_than

test result: FAILED. 1 passed; 2 failed; 0 ignored; 0 measured; 0 filtered out

